[     752ms] [WARNING] Please ensure that the container has a non-static position, like 'relative', 'fixed', or 'absolute' to ensure scroll offset is calculated correctly. @ http://localhost:3000/_next/static/chunks/e3fa3_next_dist_d86ab2ab._.js:2297
[     770ms] [WARNING] Image with src "/logo.webp" has either width or height modified, but not the other. If you use CSS to change the size of your image, also include the styles 'width: "auto"' or 'height: "auto"' to maintain the aspect ratio. @ http://localhost:3000/_next/static/chunks/e3fa3_next_dist_d86ab2ab._.js:2297
[ 1138862ms] [ERROR] WebSocket connection to 'ws://localhost:3000/_next/webpack-hmr?id=PqcghVL_MrdotVQ7JrEbF' failed:  @ http://localhost:3000/_next/static/chunks/e3fa3_next_dist_client_224557e0._.js:10878
[ 1138867ms] [ERROR] Failed to fetch RSC payload for http://localhost:3000/en. Falling back to browser navigation. TypeError: Failed to fetch
    at createFetch (http://localhost:3000/_next/static/chunks/e3fa3_next_dist_client_224557e0._.js:2588:24)
    at fetchServerResponse (http://localhost:3000/_next/static/chunks/e3fa3_next_dist_client_224557e0._.js:2490:27)
    at fetchMissingDynamicData (http://localhost:3000/_next/static/chunks/e3fa3_next_dist_client_224557e0._.js:3654:75)
    at spawnDynamicRequests (http://localhost:3000/_next/static/chunks/e3fa3_next_dist_client_224557e0._.js:3501:35)
    at navigateToSeededRoute (http://localhost:3000/_next/static/chunks/e3fa3_next_dist_client_224557e0._.js:7741:50)
    at refreshDynamicData (http://localhost:3000/_next/static/chunks/e3fa3_next_dist_client_224557e0._.js:8347:58)
    at hmrRefreshReducer (http://localhost:3000/_next/static/chunks/e3fa3_next_dist_client_224557e0._.js:8513:51)
    at clientReducer (http://localhost:3000/_next/static/chunks/e3fa3_next_dist_client_224557e0._.js:9081:65)
    at Object.action (http://localhost:3000/_next/static/chunks/e3fa3_next_dist_client_224557e0._.js:9310:55)
    at runAction (http://localhost:3000/_next/static/chunks/e3fa3_next_dist_client_224557e0._.js:9215:38)
    at dispatchAction (http://localhost:3000/_next/static/chunks/e3fa3_next_dist_client_224557e0._.js:9278:9)
    at Object.dispatch (http://localhost:3000/_next/static/chunks/e3fa3_next_dist_client_224557e0._.js:9308:40)
    at http://localhost:3000/_next/static/chunks/e3fa3_next_dist_client_224557e0._.js:1489:29
    at startTransition (http://localhost:3000/_next/static/chunks/e3fa3_next_dist_compiled_react-dom_1f57184b._.js:5500:31)
    at dispatch (http://localhost:3000/_next/static/chunks/e3fa3_next_dist_client_224557e0._.js:1488:13)
    at dispatchAppRouterAction (http://localhost:3000/_next/static/chunks/e3fa3_next_dist_client_224557e0._.js:1470:5)
    at http://localhost:3000/_next/static/chunks/e3fa3_next_dist_client_224557e0._.js:9439:61
    at startTransition (http://localhost:3000/_next/static/chunks/e3fa3_next_dist_compiled_2afa2184._.js:1279:31)
    at Object.hmrRefresh (http://localhost:3000/_next/static/chunks/e3fa3_next_dist_client_224557e0._.js:9438:40)
    at http://localhost:3000/_next/static/chunks/e3fa3_next_dist_client_224557e0._.js:11620:64
    at startTransition (http://localhost:3000/_next/static/chunks/e3fa3_next_dist_compiled_2afa2184._.js:1279:31)
    at processMessage (http://localhost:3000/_next/static/chunks/e3fa3_next_dist_client_224557e0._.js:11619:44)
    at WebSocket.handleMessage (http://localhost:3000/_next/static/chunks/e3fa3_next_dist_client_224557e0._.js:10914:52) @ http://localhost:3000/_next/static/chunks/e3fa3_next_dist_d86ab2ab._.js:3127
