[    1807ms] [ERROR] ErrorUtils caught an error:

Failed building URI for base path: /stories/{?bucket_id}/{?card_id}/ message: Required template parameter is an empty string: bucket_id

Subsequent non-fatal errors won't be logged; see https://fburl.com/debugjs. {column: 17870, clientTime: 1771760288, extra: Object, guardList: Array(1), hash: 4a40yb} @ https://static.xx.fbcdn.net/rsrc.php/v4/y1/r/nNYs_w7IK4e.js:76
[ 1348981ms] [ERROR] Failed to load resource: net::ERR_INTERNET_DISCONNECTED @ https://www.facebook.com/nw/:0
[ 1349084ms] [ERROR] Failed to load resource: net::ERR_INTERNET_DISCONNECTED @ https://www.facebook.com/nw/:0
[ 1349287ms] [ERROR] Failed to load resource: net::ERR_INTERNET_DISCONNECTED @ https://www.facebook.com/nw/:0
[ 1350090ms] [ERROR] Failed to load resource: net::ERR_INTERNET_DISCONNECTED @ https://www.facebook.com/nw/:0
[ 1356493ms] [ERROR] Failed to load resource: net::ERR_INTERNET_DISCONNECTED @ https://www.facebook.com/nw/:0
[ 1362901ms] [ERROR] Failed to load resource: net::ERR_INTERNET_DISCONNECTED @ https://www.facebook.com/nw/:0
[ 1369308ms] [ERROR] Failed to load resource: net::ERR_INTERNET_DISCONNECTED @ https://www.facebook.com/nw/:0
[ 1375715ms] [ERROR] Failed to load resource: net::ERR_INTERNET_DISCONNECTED @ https://www.facebook.com/nw/:0
[ 7815423ms] [ERROR] Failed to load resource: net::ERR_INTERNET_DISCONNECTED @ https://www.facebook.com/nw/:0
[ 7815527ms] [ERROR] Failed to load resource: net::ERR_INTERNET_DISCONNECTED @ https://www.facebook.com/nw/:0
[ 7815732ms] [ERROR] Failed to load resource: net::ERR_INTERNET_DISCONNECTED @ https://www.facebook.com/nw/:0
[ 7816539ms] [ERROR] Failed to load resource: net::ERR_INTERNET_DISCONNECTED @ https://www.facebook.com/nw/:0
[ 7822947ms] [ERROR] Failed to load resource: net::ERR_INTERNET_DISCONNECTED @ https://www.facebook.com/nw/:0
[ 7829354ms] [ERROR] Failed to load resource: net::ERR_INTERNET_DISCONNECTED @ https://www.facebook.com/nw/:0
[ 7835760ms] [ERROR] Failed to load resource: net::ERR_INTERNET_DISCONNECTED @ https://www.facebook.com/nw/:0
[ 7842168ms] [ERROR] Failed to load resource: net::ERR_INTERNET_DISCONNECTED @ https://www.facebook.com/nw/:0
[ 7848575ms] [ERROR] Failed to load resource: net::ERR_INTERNET_DISCONNECTED @ https://www.facebook.com/nw/:0
[ 7854981ms] [ERROR] Failed to load resource: net::ERR_INTERNET_DISCONNECTED @ https://www.facebook.com/nw/:0
[ 7861388ms] [ERROR] Failed to load resource: net::ERR_INTERNET_DISCONNECTED @ https://www.facebook.com/nw/:0
[ 7867795ms] [ERROR] Failed to load resource: net::ERR_INTERNET_DISCONNECTED @ https://www.facebook.com/nw/:0
[ 7874201ms] [ERROR] Failed to load resource: net::ERR_INTERNET_DISCONNECTED @ https://www.facebook.com/nw/:0
[ 7880609ms] [ERROR] Failed to load resource: net::ERR_INTERNET_DISCONNECTED @ https://www.facebook.com/nw/:0
[ 7887041ms] [ERROR] Failed to load resource: net::ERR_INTERNET_DISCONNECTED @ https://www.facebook.com/nw/:0
[ 7893447ms] [ERROR] Failed to load resource: net::ERR_INTERNET_DISCONNECTED @ https://www.facebook.com/nw/:0
[ 7899853ms] [ERROR] Failed to load resource: net::ERR_INTERNET_DISCONNECTED @ https://www.facebook.com/nw/:0
[ 7906263ms] [ERROR] Failed to load resource: net::ERR_INTERNET_DISCONNECTED @ https://www.facebook.com/nw/:0
[ 7912670ms] [ERROR] Failed to load resource: net::ERR_INTERNET_DISCONNECTED @ https://www.facebook.com/nw/:0
[ 7919079ms] [ERROR] Failed to load resource: net::ERR_INTERNET_DISCONNECTED @ https://www.facebook.com/nw/:0
[ 7925486ms] [ERROR] Failed to load resource: net::ERR_INTERNET_DISCONNECTED @ https://www.facebook.com/nw/:0
[ 7931896ms] [ERROR] Failed to load resource: net::ERR_INTERNET_DISCONNECTED @ https://www.facebook.com/nw/:0
[ 7938302ms] [ERROR] Failed to load resource: net::ERR_INTERNET_DISCONNECTED @ https://www.facebook.com/nw/:0
[ 7944709ms] [ERROR] Failed to load resource: net::ERR_INTERNET_DISCONNECTED @ https://www.facebook.com/nw/:0
[ 7951117ms] [ERROR] Failed to load resource: net::ERR_INTERNET_DISCONNECTED @ https://www.facebook.com/nw/:0
[ 7957523ms] [ERROR] Failed to load resource: net::ERR_INTERNET_DISCONNECTED @ https://www.facebook.com/nw/:0
[ 7963929ms] [ERROR] Failed to load resource: net::ERR_INTERNET_DISCONNECTED @ https://www.facebook.com/nw/:0
[ 7970336ms] [ERROR] Failed to load resource: net::ERR_INTERNET_DISCONNECTED @ https://www.facebook.com/nw/:0
[ 7976743ms] [ERROR] Failed to load resource: net::ERR_INTERNET_DISCONNECTED @ https://www.facebook.com/nw/:0
[ 7983149ms] [ERROR] Failed to load resource: net::ERR_INTERNET_DISCONNECTED @ https://www.facebook.com/nw/:0
[ 7989555ms] [ERROR] Failed to load resource: net::ERR_INTERNET_DISCONNECTED @ https://www.facebook.com/nw/:0
[ 7995962ms] [ERROR] Failed to load resource: net::ERR_INTERNET_DISCONNECTED @ https://www.facebook.com/nw/:0
[ 8002369ms] [ERROR] Failed to load resource: net::ERR_INTERNET_DISCONNECTED @ https://www.facebook.com/nw/:0
[ 8008775ms] [ERROR] Failed to load resource: net::ERR_INTERNET_DISCONNECTED @ https://www.facebook.com/nw/:0
[ 8015182ms] [ERROR] Failed to load resource: net::ERR_INTERNET_DISCONNECTED @ https://www.facebook.com/nw/:0
[ 8021588ms] [ERROR] Failed to load resource: net::ERR_INTERNET_DISCONNECTED @ https://www.facebook.com/nw/:0
[ 8027994ms] [ERROR] Failed to load resource: net::ERR_INTERNET_DISCONNECTED @ https://www.facebook.com/nw/:0
[ 8034404ms] [ERROR] Failed to load resource: net::ERR_INTERNET_DISCONNECTED @ https://www.facebook.com/nw/:0
[ 8040810ms] [ERROR] Failed to load resource: net::ERR_INTERNET_DISCONNECTED @ https://www.facebook.com/nw/:0
[ 8047217ms] [ERROR] Failed to load resource: net::ERR_INTERNET_DISCONNECTED @ https://www.facebook.com/nw/:0
[ 8053625ms] [ERROR] Failed to load resource: net::ERR_INTERNET_DISCONNECTED @ https://www.facebook.com/nw/:0
[ 8060032ms] [ERROR] Failed to load resource: net::ERR_INTERNET_DISCONNECTED @ https://www.facebook.com/nw/:0
[ 8066438ms] [ERROR] Failed to load resource: net::ERR_INTERNET_DISCONNECTED @ https://www.facebook.com/nw/:0
[ 8072843ms] [ERROR] Failed to load resource: net::ERR_INTERNET_DISCONNECTED @ https://www.facebook.com/nw/:0
[ 8079249ms] [ERROR] Failed to load resource: net::ERR_INTERNET_DISCONNECTED @ https://www.facebook.com/nw/:0
[ 8085655ms] [ERROR] Failed to load resource: net::ERR_INTERNET_DISCONNECTED @ https://www.facebook.com/nw/:0
[ 8092063ms] [ERROR] Failed to load resource: net::ERR_INTERNET_DISCONNECTED @ https://www.facebook.com/nw/:0
[ 8098469ms] [ERROR] Failed to load resource: net::ERR_INTERNET_DISCONNECTED @ https://www.facebook.com/nw/:0
[ 8104875ms] [ERROR] Failed to load resource: net::ERR_INTERNET_DISCONNECTED @ https://www.facebook.com/nw/:0
[ 8111281ms] [ERROR] Failed to load resource: net::ERR_INTERNET_DISCONNECTED @ https://www.facebook.com/nw/:0
[ 8117689ms] [ERROR] Failed to load resource: net::ERR_INTERNET_DISCONNECTED @ https://www.facebook.com/nw/:0
[ 8124095ms] [ERROR] Failed to load resource: net::ERR_INTERNET_DISCONNECTED @ https://www.facebook.com/nw/:0
[ 8130503ms] [ERROR] Failed to load resource: net::ERR_INTERNET_DISCONNECTED @ https://www.facebook.com/nw/:0
[ 8136910ms] [ERROR] Failed to load resource: net::ERR_INTERNET_DISCONNECTED @ https://www.facebook.com/nw/:0
[ 8143317ms] [ERROR] Failed to load resource: net::ERR_INTERNET_DISCONNECTED @ https://www.facebook.com/nw/:0
[ 8149726ms] [ERROR] Failed to load resource: net::ERR_INTERNET_DISCONNECTED @ https://www.facebook.com/nw/:0
[ 8156134ms] [ERROR] Failed to load resource: net::ERR_INTERNET_DISCONNECTED @ https://www.facebook.com/nw/:0
[ 8162540ms] [ERROR] Failed to load resource: net::ERR_INTERNET_DISCONNECTED @ https://www.facebook.com/nw/:0
[ 8168947ms] [ERROR] Failed to load resource: net::ERR_INTERNET_DISCONNECTED @ https://www.facebook.com/nw/:0
[ 8175352ms] [ERROR] Failed to load resource: net::ERR_INTERNET_DISCONNECTED @ https://www.facebook.com/nw/:0
[ 8181759ms] [ERROR] Failed to load resource: net::ERR_INTERNET_DISCONNECTED @ https://www.facebook.com/nw/:0
[ 8188168ms] [ERROR] Failed to load resource: net::ERR_INTERNET_DISCONNECTED @ https://www.facebook.com/nw/:0
[ 8194575ms] [ERROR] Failed to load resource: net::ERR_INTERNET_DISCONNECTED @ https://www.facebook.com/nw/:0
[ 8200984ms] [ERROR] Failed to load resource: net::ERR_INTERNET_DISCONNECTED @ https://www.facebook.com/nw/:0
[ 8207389ms] [ERROR] Failed to load resource: net::ERR_INTERNET_DISCONNECTED @ https://www.facebook.com/nw/:0
[ 8213798ms] [ERROR] Failed to load resource: net::ERR_INTERNET_DISCONNECTED @ https://www.facebook.com/nw/:0
[ 8220205ms] [ERROR] Failed to load resource: net::ERR_INTERNET_DISCONNECTED @ https://www.facebook.com/nw/:0
[ 8226610ms] [ERROR] Failed to load resource: net::ERR_INTERNET_DISCONNECTED @ https://www.facebook.com/nw/:0
[ 8233016ms] [ERROR] Failed to load resource: net::ERR_INTERNET_DISCONNECTED @ https://www.facebook.com/nw/:0
[ 8239423ms] [ERROR] Failed to load resource: net::ERR_INTERNET_DISCONNECTED @ https://www.facebook.com/nw/:0
[ 8245831ms] [ERROR] Failed to load resource: net::ERR_INTERNET_DISCONNECTED @ https://www.facebook.com/nw/:0
[ 8252238ms] [ERROR] Failed to load resource: net::ERR_INTERNET_DISCONNECTED @ https://www.facebook.com/nw/:0
[ 8258646ms] [ERROR] Failed to load resource: net::ERR_INTERNET_DISCONNECTED @ https://www.facebook.com/nw/:0
[ 8265052ms] [ERROR] Failed to load resource: net::ERR_INTERNET_DISCONNECTED @ https://www.facebook.com/nw/:0
[ 8271459ms] [ERROR] Failed to load resource: net::ERR_INTERNET_DISCONNECTED @ https://www.facebook.com/nw/:0
[ 8277867ms] [ERROR] Failed to load resource: net::ERR_INTERNET_DISCONNECTED @ https://www.facebook.com/nw/:0
[ 8284275ms] [ERROR] Failed to load resource: net::ERR_INTERNET_DISCONNECTED @ https://www.facebook.com/nw/:0
[ 8290685ms] [ERROR] Failed to load resource: net::ERR_INTERNET_DISCONNECTED @ https://www.facebook.com/nw/:0
[ 8297092ms] [ERROR] Failed to load resource: net::ERR_INTERNET_DISCONNECTED @ https://www.facebook.com/nw/:0
[ 8303499ms] [ERROR] Failed to load resource: net::ERR_INTERNET_DISCONNECTED @ https://www.facebook.com/nw/:0
[ 8309906ms] [ERROR] Failed to load resource: net::ERR_INTERNET_DISCONNECTED @ https://www.facebook.com/nw/:0
[ 8316312ms] [ERROR] Failed to load resource: net::ERR_INTERNET_DISCONNECTED @ https://www.facebook.com/nw/:0
[ 8322720ms] [ERROR] Failed to load resource: net::ERR_INTERNET_DISCONNECTED @ https://www.facebook.com/nw/:0
[ 8329127ms] [ERROR] Failed to load resource: net::ERR_INTERNET_DISCONNECTED @ https://www.facebook.com/nw/:0
[ 8335534ms] [ERROR] Failed to load resource: net::ERR_INTERNET_DISCONNECTED @ https://www.facebook.com/nw/:0
[ 8341942ms] [ERROR] Failed to load resource: net::ERR_INTERNET_DISCONNECTED @ https://www.facebook.com/nw/:0
[ 8348347ms] [ERROR] Failed to load resource: net::ERR_INTERNET_DISCONNECTED @ https://www.facebook.com/nw/:0
[ 8354755ms] [ERROR] Failed to load resource: net::ERR_INTERNET_DISCONNECTED @ https://www.facebook.com/nw/:0
[ 8361161ms] [ERROR] Failed to load resource: net::ERR_INTERNET_DISCONNECTED @ https://www.facebook.com/nw/:0
[ 8367569ms] [ERROR] Failed to load resource: net::ERR_INTERNET_DISCONNECTED @ https://www.facebook.com/nw/:0
[ 8373976ms] [ERROR] Failed to load resource: net::ERR_INTERNET_DISCONNECTED @ https://www.facebook.com/nw/:0
[ 8380384ms] [ERROR] Failed to load resource: net::ERR_INTERNET_DISCONNECTED @ https://www.facebook.com/nw/:0
[ 8386791ms] [ERROR] Failed to load resource: net::ERR_INTERNET_DISCONNECTED @ https://www.facebook.com/nw/:0
[ 8393197ms] [ERROR] Failed to load resource: net::ERR_INTERNET_DISCONNECTED @ https://www.facebook.com/nw/:0
[ 8399603ms] [ERROR] Failed to load resource: net::ERR_INTERNET_DISCONNECTED @ https://www.facebook.com/nw/:0
[ 8406010ms] [ERROR] Failed to load resource: net::ERR_INTERNET_DISCONNECTED @ https://www.facebook.com/nw/:0
[ 8412415ms] [ERROR] Failed to load resource: net::ERR_INTERNET_DISCONNECTED @ https://www.facebook.com/nw/:0
[ 8418819ms] [ERROR] Failed to load resource: net::ERR_INTERNET_DISCONNECTED @ https://www.facebook.com/nw/:0
[ 8425228ms] [ERROR] Failed to load resource: net::ERR_INTERNET_DISCONNECTED @ https://www.facebook.com/nw/:0
[ 8431634ms] [ERROR] Failed to load resource: net::ERR_INTERNET_DISCONNECTED @ https://www.facebook.com/nw/:0
[ 8438043ms] [ERROR] Failed to load resource: net::ERR_INTERNET_DISCONNECTED @ https://www.facebook.com/nw/:0
[ 8444450ms] [ERROR] Failed to load resource: net::ERR_INTERNET_DISCONNECTED @ https://www.facebook.com/nw/:0
[ 8450866ms] [ERROR] Failed to load resource: net::ERR_INTERNET_DISCONNECTED @ https://www.facebook.com/nw/:0
[ 8457274ms] [ERROR] Failed to load resource: net::ERR_INTERNET_DISCONNECTED @ https://www.facebook.com/nw/:0
[ 8463681ms] [ERROR] Failed to load resource: net::ERR_INTERNET_DISCONNECTED @ https://www.facebook.com/nw/:0
[ 8470088ms] [ERROR] Failed to load resource: net::ERR_INTERNET_DISCONNECTED @ https://www.facebook.com/nw/:0
[ 8476494ms] [ERROR] Failed to load resource: net::ERR_INTERNET_DISCONNECTED @ https://www.facebook.com/nw/:0
[ 8482901ms] [ERROR] Failed to load resource: net::ERR_INTERNET_DISCONNECTED @ https://www.facebook.com/nw/:0
[ 8489309ms] [ERROR] Failed to load resource: net::ERR_INTERNET_DISCONNECTED @ https://www.facebook.com/nw/:0
[ 8495716ms] [ERROR] Failed to load resource: net::ERR_INTERNET_DISCONNECTED @ https://www.facebook.com/nw/:0
[ 8502123ms] [ERROR] Failed to load resource: net::ERR_INTERNET_DISCONNECTED @ https://www.facebook.com/nw/:0
[ 8508529ms] [ERROR] Failed to load resource: net::ERR_INTERNET_DISCONNECTED @ https://www.facebook.com/nw/:0
[ 8514935ms] [ERROR] Failed to load resource: net::ERR_INTERNET_DISCONNECTED @ https://www.facebook.com/nw/:0
[ 8521342ms] [ERROR] Failed to load resource: net::ERR_INTERNET_DISCONNECTED @ https://www.facebook.com/nw/:0
[ 8527750ms] [ERROR] Failed to load resource: net::ERR_INTERNET_DISCONNECTED @ https://www.facebook.com/nw/:0
[ 8534156ms] [ERROR] Failed to load resource: net::ERR_INTERNET_DISCONNECTED @ https://www.facebook.com/nw/:0
[ 8540562ms] [ERROR] Failed to load resource: net::ERR_INTERNET_DISCONNECTED @ https://www.facebook.com/nw/:0
[ 8546975ms] [ERROR] Failed to load resource: net::ERR_INTERNET_DISCONNECTED @ https://www.facebook.com/nw/:0
[ 8553383ms] [ERROR] Failed to load resource: net::ERR_INTERNET_DISCONNECTED @ https://www.facebook.com/nw/:0
[ 8559790ms] [ERROR] Failed to load resource: net::ERR_INTERNET_DISCONNECTED @ https://www.facebook.com/nw/:0
[ 8566196ms] [ERROR] Failed to load resource: net::ERR_INTERNET_DISCONNECTED @ https://www.facebook.com/nw/:0
[ 8572604ms] [ERROR] Failed to load resource: net::ERR_INTERNET_DISCONNECTED @ https://www.facebook.com/nw/:0
[ 8579009ms] [ERROR] Failed to load resource: net::ERR_INTERNET_DISCONNECTED @ https://www.facebook.com/nw/:0
[ 8585415ms] [ERROR] Failed to load resource: net::ERR_INTERNET_DISCONNECTED @ https://www.facebook.com/nw/:0
[ 8591822ms] [ERROR] Failed to load resource: net::ERR_INTERNET_DISCONNECTED @ https://www.facebook.com/nw/:0
[ 8598230ms] [ERROR] Failed to load resource: net::ERR_INTERNET_DISCONNECTED @ https://www.facebook.com/nw/:0
[ 8604637ms] [ERROR] Failed to load resource: net::ERR_INTERNET_DISCONNECTED @ https://www.facebook.com/nw/:0
[ 8611043ms] [ERROR] Failed to load resource: net::ERR_INTERNET_DISCONNECTED @ https://www.facebook.com/nw/:0
[ 8617449ms] [ERROR] Failed to load resource: net::ERR_INTERNET_DISCONNECTED @ https://www.facebook.com/nw/:0
[ 8623860ms] [ERROR] Failed to load resource: net::ERR_INTERNET_DISCONNECTED @ https://www.facebook.com/nw/:0
[ 8630268ms] [ERROR] Failed to load resource: net::ERR_INTERNET_DISCONNECTED @ https://www.facebook.com/nw/:0
[ 8636675ms] [ERROR] Failed to load resource: net::ERR_INTERNET_DISCONNECTED @ https://www.facebook.com/nw/:0
[ 8643077ms] [ERROR] Failed to load resource: net::ERR_INTERNET_DISCONNECTED @ https://www.facebook.com/nw/:0
[ 8649484ms] [ERROR] Failed to load resource: net::ERR_INTERNET_DISCONNECTED @ https://www.facebook.com/nw/:0
[ 8655891ms] [ERROR] Failed to load resource: net::ERR_INTERNET_DISCONNECTED @ https://www.facebook.com/nw/:0
[ 8662297ms] [ERROR] Failed to load resource: net::ERR_INTERNET_DISCONNECTED @ https://www.facebook.com/nw/:0
[ 8668703ms] [ERROR] Failed to load resource: net::ERR_INTERNET_DISCONNECTED @ https://www.facebook.com/nw/:0
[ 8675109ms] [ERROR] Failed to load resource: net::ERR_INTERNET_DISCONNECTED @ https://www.facebook.com/nw/:0
[ 8681516ms] [ERROR] Failed to load resource: net::ERR_INTERNET_DISCONNECTED @ https://www.facebook.com/nw/:0
[ 8687924ms] [ERROR] Failed to load resource: net::ERR_INTERNET_DISCONNECTED @ https://www.facebook.com/nw/:0
[ 8694330ms] [ERROR] Failed to load resource: net::ERR_INTERNET_DISCONNECTED @ https://www.facebook.com/nw/:0
[ 8700737ms] [ERROR] Failed to load resource: net::ERR_INTERNET_DISCONNECTED @ https://www.facebook.com/nw/:0
[ 8707145ms] [ERROR] Failed to load resource: net::ERR_INTERNET_DISCONNECTED @ https://www.facebook.com/nw/:0
[ 8713553ms] [ERROR] Failed to load resource: net::ERR_INTERNET_DISCONNECTED @ https://www.facebook.com/nw/:0
[ 8719960ms] [ERROR] Failed to load resource: net::ERR_INTERNET_DISCONNECTED @ https://www.facebook.com/nw/:0
[ 8726365ms] [ERROR] Failed to load resource: net::ERR_INTERNET_DISCONNECTED @ https://www.facebook.com/nw/:0
[ 8732772ms] [ERROR] Failed to load resource: net::ERR_INTERNET_DISCONNECTED @ https://www.facebook.com/nw/:0
[ 8739182ms] [ERROR] Failed to load resource: net::ERR_INTERNET_DISCONNECTED @ https://www.facebook.com/nw/:0
[ 8745592ms] [ERROR] Failed to load resource: net::ERR_INTERNET_DISCONNECTED @ https://www.facebook.com/nw/:0
[ 8752000ms] [ERROR] Failed to load resource: net::ERR_INTERNET_DISCONNECTED @ https://www.facebook.com/nw/:0
[ 8758407ms] [ERROR] Failed to load resource: net::ERR_INTERNET_DISCONNECTED @ https://www.facebook.com/nw/:0
[ 8764815ms] [ERROR] Failed to load resource: net::ERR_INTERNET_DISCONNECTED @ https://www.facebook.com/nw/:0
[ 8771223ms] [ERROR] Failed to load resource: net::ERR_INTERNET_DISCONNECTED @ https://www.facebook.com/nw/:0
[ 8777630ms] [ERROR] Failed to load resource: net::ERR_INTERNET_DISCONNECTED @ https://www.facebook.com/nw/:0
[ 8784037ms] [ERROR] Failed to load resource: net::ERR_INTERNET_DISCONNECTED @ https://www.facebook.com/nw/:0
[ 8790445ms] [ERROR] Failed to load resource: net::ERR_INTERNET_DISCONNECTED @ https://www.facebook.com/nw/:0
[ 8796850ms] [ERROR] Failed to load resource: net::ERR_INTERNET_DISCONNECTED @ https://www.facebook.com/nw/:0
[ 8803258ms] [ERROR] Failed to load resource: net::ERR_INTERNET_DISCONNECTED @ https://www.facebook.com/nw/:0
[ 8809665ms] [ERROR] Failed to load resource: net::ERR_INTERNET_DISCONNECTED @ https://www.facebook.com/nw/:0
[ 8816073ms] [ERROR] Failed to load resource: net::ERR_INTERNET_DISCONNECTED @ https://www.facebook.com/nw/:0
[ 8822479ms] [ERROR] Failed to load resource: net::ERR_INTERNET_DISCONNECTED @ https://www.facebook.com/nw/:0
[ 8828886ms] [ERROR] Failed to load resource: net::ERR_INTERNET_DISCONNECTED @ https://www.facebook.com/nw/:0
[ 8835292ms] [ERROR] Failed to load resource: net::ERR_INTERNET_DISCONNECTED @ https://www.facebook.com/nw/:0
[ 8841700ms] [ERROR] Failed to load resource: net::ERR_INTERNET_DISCONNECTED @ https://www.facebook.com/nw/:0
[ 8848106ms] [ERROR] Failed to load resource: net::ERR_INTERNET_DISCONNECTED @ https://www.facebook.com/nw/:0
[ 8854512ms] [ERROR] Failed to load resource: net::ERR_INTERNET_DISCONNECTED @ https://www.facebook.com/nw/:0
[ 8860919ms] [ERROR] Failed to load resource: net::ERR_INTERNET_DISCONNECTED @ https://www.facebook.com/nw/:0
[ 8867326ms] [ERROR] Failed to load resource: net::ERR_INTERNET_DISCONNECTED @ https://www.facebook.com/nw/:0
[ 8873734ms] [ERROR] Failed to load resource: net::ERR_INTERNET_DISCONNECTED @ https://www.facebook.com/nw/:0
[ 8880142ms] [ERROR] Failed to load resource: net::ERR_INTERNET_DISCONNECTED @ https://www.facebook.com/nw/:0
[ 8886546ms] [ERROR] Failed to load resource: net::ERR_INTERNET_DISCONNECTED @ https://www.facebook.com/nw/:0
[ 8892952ms] [ERROR] Failed to load resource: net::ERR_INTERNET_DISCONNECTED @ https://www.facebook.com/nw/:0
[ 8899360ms] [ERROR] Failed to load resource: net::ERR_INTERNET_DISCONNECTED @ https://www.facebook.com/nw/:0
[ 8905768ms] [ERROR] Failed to load resource: net::ERR_INTERNET_DISCONNECTED @ https://www.facebook.com/nw/:0
[ 8912175ms] [ERROR] Failed to load resource: net::ERR_INTERNET_DISCONNECTED @ https://www.facebook.com/nw/:0
[ 8918582ms] [ERROR] Failed to load resource: net::ERR_INTERNET_DISCONNECTED @ https://www.facebook.com/nw/:0
[ 8924990ms] [ERROR] Failed to load resource: net::ERR_INTERNET_DISCONNECTED @ https://www.facebook.com/nw/:0
[ 8931396ms] [ERROR] Failed to load resource: net::ERR_INTERNET_DISCONNECTED @ https://www.facebook.com/nw/:0
[ 8937803ms] [ERROR] Failed to load resource: net::ERR_INTERNET_DISCONNECTED @ https://www.facebook.com/nw/:0
[ 8944210ms] [ERROR] Failed to load resource: net::ERR_INTERNET_DISCONNECTED @ https://www.facebook.com/nw/:0
[ 8950617ms] [ERROR] Failed to load resource: net::ERR_INTERNET_DISCONNECTED @ https://www.facebook.com/nw/:0
[ 8957024ms] [ERROR] Failed to load resource: net::ERR_INTERNET_DISCONNECTED @ https://www.facebook.com/nw/:0
[ 8963431ms] [ERROR] Failed to load resource: net::ERR_INTERNET_DISCONNECTED @ https://www.facebook.com/nw/:0
[ 8969838ms] [ERROR] Failed to load resource: net::ERR_INTERNET_DISCONNECTED @ https://www.facebook.com/nw/:0
[ 8976243ms] [ERROR] Failed to load resource: net::ERR_INTERNET_DISCONNECTED @ https://www.facebook.com/nw/:0
[ 8982650ms] [ERROR] Failed to load resource: net::ERR_INTERNET_DISCONNECTED @ https://www.facebook.com/nw/:0
[ 8989057ms] [ERROR] Failed to load resource: net::ERR_INTERNET_DISCONNECTED @ https://www.facebook.com/nw/:0
[ 8995464ms] [ERROR] Failed to load resource: net::ERR_INTERNET_DISCONNECTED @ https://www.facebook.com/nw/:0
[ 9001871ms] [ERROR] Failed to load resource: net::ERR_INTERNET_DISCONNECTED @ https://www.facebook.com/nw/:0
[ 9008278ms] [ERROR] Failed to load resource: net::ERR_INTERNET_DISCONNECTED @ https://www.facebook.com/nw/:0
[ 9014685ms] [ERROR] Failed to load resource: net::ERR_INTERNET_DISCONNECTED @ https://www.facebook.com/nw/:0
[ 9021091ms] [ERROR] Failed to load resource: net::ERR_INTERNET_DISCONNECTED @ https://www.facebook.com/nw/:0
[ 9027498ms] [ERROR] Failed to load resource: net::ERR_INTERNET_DISCONNECTED @ https://www.facebook.com/nw/:0
[ 9033904ms] [ERROR] Failed to load resource: net::ERR_INTERNET_DISCONNECTED @ https://www.facebook.com/nw/:0
[ 9040311ms] [ERROR] Failed to load resource: net::ERR_INTERNET_DISCONNECTED @ https://www.facebook.com/nw/:0
[ 9046722ms] [ERROR] Failed to load resource: net::ERR_INTERNET_DISCONNECTED @ https://www.facebook.com/nw/:0
[ 9053134ms] [ERROR] Failed to load resource: net::ERR_INTERNET_DISCONNECTED @ https://www.facebook.com/nw/:0
[ 9059541ms] [ERROR] Failed to load resource: net::ERR_INTERNET_DISCONNECTED @ https://www.facebook.com/nw/:0
[ 9065949ms] [ERROR] Failed to load resource: net::ERR_INTERNET_DISCONNECTED @ https://www.facebook.com/nw/:0
[ 9072356ms] [ERROR] Failed to load resource: net::ERR_INTERNET_DISCONNECTED @ https://www.facebook.com/nw/:0
[ 9078763ms] [ERROR] Failed to load resource: net::ERR_INTERNET_DISCONNECTED @ https://www.facebook.com/nw/:0
[ 9085166ms] [ERROR] Failed to load resource: net::ERR_INTERNET_DISCONNECTED @ https://www.facebook.com/nw/:0
[ 9091573ms] [ERROR] Failed to load resource: net::ERR_INTERNET_DISCONNECTED @ https://www.facebook.com/nw/:0
[ 9097984ms] [ERROR] Failed to load resource: net::ERR_INTERNET_DISCONNECTED @ https://www.facebook.com/nw/:0
[ 9104392ms] [ERROR] Failed to load resource: net::ERR_INTERNET_DISCONNECTED @ https://www.facebook.com/nw/:0
[ 9110802ms] [ERROR] Failed to load resource: net::ERR_INTERNET_DISCONNECTED @ https://www.facebook.com/nw/:0
[ 9117209ms] [ERROR] Failed to load resource: net::ERR_INTERNET_DISCONNECTED @ https://www.facebook.com/nw/:0
[ 9123619ms] [ERROR] Failed to load resource: net::ERR_INTERNET_DISCONNECTED @ https://www.facebook.com/nw/:0
[ 9130025ms] [ERROR] Failed to load resource: net::ERR_INTERNET_DISCONNECTED @ https://www.facebook.com/nw/:0
[ 9136432ms] [ERROR] Failed to load resource: net::ERR_INTERNET_DISCONNECTED @ https://www.facebook.com/nw/:0
[ 9142838ms] [ERROR] Failed to load resource: net::ERR_INTERNET_DISCONNECTED @ https://www.facebook.com/nw/:0
[ 9149244ms] [ERROR] Failed to load resource: net::ERR_INTERNET_DISCONNECTED @ https://www.facebook.com/nw/:0
[ 9155652ms] [ERROR] Failed to load resource: net::ERR_INTERNET_DISCONNECTED @ https://www.facebook.com/nw/:0
[ 9162061ms] [ERROR] Failed to load resource: net::ERR_INTERNET_DISCONNECTED @ https://www.facebook.com/nw/:0
[ 9168469ms] [ERROR] Failed to load resource: net::ERR_INTERNET_DISCONNECTED @ https://www.facebook.com/nw/:0
[ 9174877ms] [ERROR] Failed to load resource: net::ERR_INTERNET_DISCONNECTED @ https://www.facebook.com/nw/:0
[ 9181284ms] [ERROR] Failed to load resource: net::ERR_INTERNET_DISCONNECTED @ https://www.facebook.com/nw/:0
[ 9187692ms] [ERROR] Failed to load resource: net::ERR_INTERNET_DISCONNECTED @ https://www.facebook.com/nw/:0
[ 9194098ms] [ERROR] Failed to load resource: net::ERR_INTERNET_DISCONNECTED @ https://www.facebook.com/nw/:0
[ 9200504ms] [ERROR] Failed to load resource: net::ERR_INTERNET_DISCONNECTED @ https://www.facebook.com/nw/:0
[ 9206914ms] [ERROR] Failed to load resource: net::ERR_INTERNET_DISCONNECTED @ https://www.facebook.com/nw/:0
[ 9213321ms] [ERROR] Failed to load resource: net::ERR_INTERNET_DISCONNECTED @ https://www.facebook.com/nw/:0
[ 9219728ms] [ERROR] Failed to load resource: net::ERR_INTERNET_DISCONNECTED @ https://www.facebook.com/nw/:0
[ 9226135ms] [ERROR] Failed to load resource: net::ERR_INTERNET_DISCONNECTED @ https://www.facebook.com/nw/:0
[ 9232541ms] [ERROR] Failed to load resource: net::ERR_INTERNET_DISCONNECTED @ https://www.facebook.com/nw/:0
[ 9238947ms] [ERROR] Failed to load resource: net::ERR_INTERNET_DISCONNECTED @ https://www.facebook.com/nw/:0
[ 9245354ms] [ERROR] Failed to load resource: net::ERR_INTERNET_DISCONNECTED @ https://www.facebook.com/nw/:0
[ 9251761ms] [ERROR] Failed to load resource: net::ERR_INTERNET_DISCONNECTED @ https://www.facebook.com/nw/:0
[ 9258168ms] [ERROR] Failed to load resource: net::ERR_INTERNET_DISCONNECTED @ https://www.facebook.com/nw/:0
[ 9264574ms] [ERROR] Failed to load resource: net::ERR_INTERNET_DISCONNECTED @ https://www.facebook.com/nw/:0
[ 9270981ms] [ERROR] Failed to load resource: net::ERR_INTERNET_DISCONNECTED @ https://www.facebook.com/nw/:0
[ 9277389ms] [ERROR] Failed to load resource: net::ERR_INTERNET_DISCONNECTED @ https://www.facebook.com/nw/:0
[ 9283795ms] [ERROR] Failed to load resource: net::ERR_INTERNET_DISCONNECTED @ https://www.facebook.com/nw/:0
[ 9290203ms] [ERROR] Failed to load resource: net::ERR_INTERNET_DISCONNECTED @ https://www.facebook.com/nw/:0
[ 9296610ms] [ERROR] Failed to load resource: net::ERR_INTERNET_DISCONNECTED @ https://www.facebook.com/nw/:0
[ 9303018ms] [ERROR] Failed to load resource: net::ERR_INTERNET_DISCONNECTED @ https://www.facebook.com/nw/:0
[ 9309425ms] [ERROR] Failed to load resource: net::ERR_INTERNET_DISCONNECTED @ https://www.facebook.com/nw/:0
[ 9315832ms] [ERROR] Failed to load resource: net::ERR_INTERNET_DISCONNECTED @ https://www.facebook.com/nw/:0
[ 9322239ms] [ERROR] Failed to load resource: net::ERR_INTERNET_DISCONNECTED @ https://www.facebook.com/nw/:0
[ 9328646ms] [ERROR] Failed to load resource: net::ERR_INTERNET_DISCONNECTED @ https://www.facebook.com/nw/:0
[ 9335051ms] [ERROR] Failed to load resource: net::ERR_INTERNET_DISCONNECTED @ https://www.facebook.com/nw/:0
[ 9341459ms] [ERROR] Failed to load resource: net::ERR_INTERNET_DISCONNECTED @ https://www.facebook.com/nw/:0
[ 9347863ms] [ERROR] Failed to load resource: net::ERR_INTERNET_DISCONNECTED @ https://www.facebook.com/nw/:0
[ 9354270ms] [ERROR] Failed to load resource: net::ERR_INTERNET_DISCONNECTED @ https://www.facebook.com/nw/:0
[ 9360680ms] [ERROR] Failed to load resource: net::ERR_INTERNET_DISCONNECTED @ https://www.facebook.com/nw/:0
[ 9367086ms] [ERROR] Failed to load resource: net::ERR_INTERNET_DISCONNECTED @ https://www.facebook.com/nw/:0
[ 9373493ms] [ERROR] Failed to load resource: net::ERR_INTERNET_DISCONNECTED @ https://www.facebook.com/nw/:0
[ 9379900ms] [ERROR] Failed to load resource: net::ERR_INTERNET_DISCONNECTED @ https://www.facebook.com/nw/:0
[ 9386309ms] [ERROR] Failed to load resource: net::ERR_INTERNET_DISCONNECTED @ https://www.facebook.com/nw/:0
[ 9392718ms] [ERROR] Failed to load resource: net::ERR_INTERNET_DISCONNECTED @ https://www.facebook.com/nw/:0
[ 9399124ms] [ERROR] Failed to load resource: net::ERR_INTERNET_DISCONNECTED @ https://www.facebook.com/nw/:0
[ 9405529ms] [ERROR] Failed to load resource: net::ERR_INTERNET_DISCONNECTED @ https://www.facebook.com/nw/:0
[ 9411936ms] [ERROR] Failed to load resource: net::ERR_INTERNET_DISCONNECTED @ https://www.facebook.com/nw/:0
[ 9418343ms] [ERROR] Failed to load resource: net::ERR_INTERNET_DISCONNECTED @ https://www.facebook.com/nw/:0
[ 9424749ms] [ERROR] Failed to load resource: net::ERR_INTERNET_DISCONNECTED @ https://www.facebook.com/nw/:0
[ 9431155ms] [ERROR] Failed to load resource: net::ERR_INTERNET_DISCONNECTED @ https://www.facebook.com/nw/:0
[ 9437561ms] [ERROR] Failed to load resource: net::ERR_INTERNET_DISCONNECTED @ https://www.facebook.com/nw/:0
[ 9443968ms] [ERROR] Failed to load resource: net::ERR_INTERNET_DISCONNECTED @ https://www.facebook.com/nw/:0
[ 9450375ms] [ERROR] Failed to load resource: net::ERR_INTERNET_DISCONNECTED @ https://www.facebook.com/nw/:0
[ 9456781ms] [ERROR] Failed to load resource: net::ERR_INTERNET_DISCONNECTED @ https://www.facebook.com/nw/:0
[ 9463187ms] [ERROR] Failed to load resource: net::ERR_INTERNET_DISCONNECTED @ https://www.facebook.com/nw/:0
[ 9469596ms] [ERROR] Failed to load resource: net::ERR_INTERNET_DISCONNECTED @ https://www.facebook.com/nw/:0
[ 9476004ms] [ERROR] Failed to load resource: net::ERR_INTERNET_DISCONNECTED @ https://www.facebook.com/nw/:0
[ 9482411ms] [ERROR] Failed to load resource: net::ERR_INTERNET_DISCONNECTED @ https://www.facebook.com/nw/:0
[ 9488823ms] [ERROR] Failed to load resource: net::ERR_INTERNET_DISCONNECTED @ https://www.facebook.com/nw/:0
[ 9495228ms] [ERROR] Failed to load resource: net::ERR_INTERNET_DISCONNECTED @ https://www.facebook.com/nw/:0
[ 9501635ms] [ERROR] Failed to load resource: net::ERR_INTERNET_DISCONNECTED @ https://www.facebook.com/nw/:0
[ 9508043ms] [ERROR] Failed to load resource: net::ERR_INTERNET_DISCONNECTED @ https://www.facebook.com/nw/:0
[ 9514451ms] [ERROR] Failed to load resource: net::ERR_INTERNET_DISCONNECTED @ https://www.facebook.com/nw/:0
[ 9520859ms] [ERROR] Failed to load resource: net::ERR_INTERNET_DISCONNECTED @ https://www.facebook.com/nw/:0
[ 9527263ms] [ERROR] Failed to load resource: net::ERR_INTERNET_DISCONNECTED @ https://www.facebook.com/nw/:0
[ 9533673ms] [ERROR] Failed to load resource: net::ERR_INTERNET_DISCONNECTED @ https://www.facebook.com/nw/:0
[ 9540080ms] [ERROR] Failed to load resource: net::ERR_INTERNET_DISCONNECTED @ https://www.facebook.com/nw/:0
[ 9546486ms] [ERROR] Failed to load resource: net::ERR_INTERNET_DISCONNECTED @ https://www.facebook.com/nw/:0
[ 9552893ms] [ERROR] Failed to load resource: net::ERR_INTERNET_DISCONNECTED @ https://www.facebook.com/nw/:0
[ 9559300ms] [ERROR] Failed to load resource: net::ERR_INTERNET_DISCONNECTED @ https://www.facebook.com/nw/:0
[ 9565710ms] [ERROR] Failed to load resource: net::ERR_INTERNET_DISCONNECTED @ https://www.facebook.com/nw/:0
[ 9572117ms] [ERROR] Failed to load resource: net::ERR_INTERNET_DISCONNECTED @ https://www.facebook.com/nw/:0
[ 9578523ms] [ERROR] Failed to load resource: net::ERR_INTERNET_DISCONNECTED @ https://www.facebook.com/nw/:0
[ 9584930ms] [ERROR] Failed to load resource: net::ERR_INTERNET_DISCONNECTED @ https://www.facebook.com/nw/:0
[ 9591336ms] [ERROR] Failed to load resource: net::ERR_INTERNET_DISCONNECTED @ https://www.facebook.com/nw/:0
[ 9597744ms] [ERROR] Failed to load resource: net::ERR_INTERNET_DISCONNECTED @ https://www.facebook.com/nw/:0
[ 9604149ms] [ERROR] Failed to load resource: net::ERR_INTERNET_DISCONNECTED @ https://www.facebook.com/nw/:0
[ 9610555ms] [ERROR] Failed to load resource: net::ERR_INTERNET_DISCONNECTED @ https://www.facebook.com/nw/:0
[ 9616961ms] [ERROR] Failed to load resource: net::ERR_INTERNET_DISCONNECTED @ https://www.facebook.com/nw/:0
[ 9623369ms] [ERROR] Failed to load resource: net::ERR_INTERNET_DISCONNECTED @ https://www.facebook.com/nw/:0
[ 9629776ms] [ERROR] Failed to load resource: net::ERR_INTERNET_DISCONNECTED @ https://www.facebook.com/nw/:0
[ 9636182ms] [ERROR] Failed to load resource: net::ERR_INTERNET_DISCONNECTED @ https://www.facebook.com/nw/:0
[ 9642590ms] [ERROR] Failed to load resource: net::ERR_INTERNET_DISCONNECTED @ https://www.facebook.com/nw/:0
[ 9649004ms] [ERROR] Failed to load resource: net::ERR_INTERNET_DISCONNECTED @ https://www.facebook.com/nw/:0
[ 9655411ms] [ERROR] Failed to load resource: net::ERR_INTERNET_DISCONNECTED @ https://www.facebook.com/nw/:0
[ 9661818ms] [ERROR] Failed to load resource: net::ERR_INTERNET_DISCONNECTED @ https://www.facebook.com/nw/:0
[ 9668223ms] [ERROR] Failed to load resource: net::ERR_INTERNET_DISCONNECTED @ https://www.facebook.com/nw/:0
[ 9674629ms] [ERROR] Failed to load resource: net::ERR_INTERNET_DISCONNECTED @ https://www.facebook.com/nw/:0
[ 9681036ms] [ERROR] Failed to load resource: net::ERR_INTERNET_DISCONNECTED @ https://www.facebook.com/nw/:0
[ 9687442ms] [ERROR] Failed to load resource: net::ERR_INTERNET_DISCONNECTED @ https://www.facebook.com/nw/:0
[ 9693849ms] [ERROR] Failed to load resource: net::ERR_INTERNET_DISCONNECTED @ https://www.facebook.com/nw/:0
[ 9700254ms] [ERROR] Failed to load resource: net::ERR_INTERNET_DISCONNECTED @ https://www.facebook.com/nw/:0
[ 9706662ms] [ERROR] Failed to load resource: net::ERR_INTERNET_DISCONNECTED @ https://www.facebook.com/nw/:0
[ 9713073ms] [ERROR] Failed to load resource: net::ERR_INTERNET_DISCONNECTED @ https://www.facebook.com/nw/:0
[ 9719478ms] [ERROR] Failed to load resource: net::ERR_INTERNET_DISCONNECTED @ https://www.facebook.com/nw/:0
[ 9725884ms] [ERROR] Failed to load resource: net::ERR_INTERNET_DISCONNECTED @ https://www.facebook.com/nw/:0
[ 9732292ms] [ERROR] Failed to load resource: net::ERR_INTERNET_DISCONNECTED @ https://www.facebook.com/nw/:0
[ 9738700ms] [ERROR] Failed to load resource: net::ERR_INTERNET_DISCONNECTED @ https://www.facebook.com/nw/:0
[ 9745109ms] [ERROR] Failed to load resource: net::ERR_INTERNET_DISCONNECTED @ https://www.facebook.com/nw/:0
[ 9751514ms] [ERROR] Failed to load resource: net::ERR_INTERNET_DISCONNECTED @ https://www.facebook.com/nw/:0
[ 9757921ms] [ERROR] Failed to load resource: net::ERR_INTERNET_DISCONNECTED @ https://www.facebook.com/nw/:0
[ 9764330ms] [ERROR] Failed to load resource: net::ERR_INTERNET_DISCONNECTED @ https://www.facebook.com/nw/:0
[ 9770738ms] [ERROR] Failed to load resource: net::ERR_INTERNET_DISCONNECTED @ https://www.facebook.com/nw/:0
[ 9777147ms] [ERROR] Failed to load resource: net::ERR_INTERNET_DISCONNECTED @ https://www.facebook.com/nw/:0
[ 9783553ms] [ERROR] Failed to load resource: net::ERR_INTERNET_DISCONNECTED @ https://www.facebook.com/nw/:0
[ 9789965ms] [ERROR] Failed to load resource: net::ERR_INTERNET_DISCONNECTED @ https://www.facebook.com/nw/:0
[ 9796371ms] [ERROR] Failed to load resource: net::ERR_INTERNET_DISCONNECTED @ https://www.facebook.com/nw/:0
[ 9802782ms] [ERROR] Failed to load resource: net::ERR_INTERNET_DISCONNECTED @ https://www.facebook.com/nw/:0
[ 9809189ms] [ERROR] Failed to load resource: net::ERR_INTERNET_DISCONNECTED @ https://www.facebook.com/nw/:0
[ 9815597ms] [ERROR] Failed to load resource: net::ERR_INTERNET_DISCONNECTED @ https://www.facebook.com/nw/:0
[ 9822004ms] [ERROR] Failed to load resource: net::ERR_INTERNET_DISCONNECTED @ https://www.facebook.com/nw/:0
[ 9828411ms] [ERROR] Failed to load resource: net::ERR_INTERNET_DISCONNECTED @ https://www.facebook.com/nw/:0
[ 9834819ms] [ERROR] Failed to load resource: net::ERR_INTERNET_DISCONNECTED @ https://www.facebook.com/nw/:0
[ 9841225ms] [ERROR] Failed to load resource: net::ERR_INTERNET_DISCONNECTED @ https://www.facebook.com/nw/:0
[ 9847632ms] [ERROR] Failed to load resource: net::ERR_INTERNET_DISCONNECTED @ https://www.facebook.com/nw/:0
[ 9854040ms] [ERROR] Failed to load resource: net::ERR_INTERNET_DISCONNECTED @ https://www.facebook.com/nw/:0
[ 9860445ms] [ERROR] Failed to load resource: net::ERR_INTERNET_DISCONNECTED @ https://www.facebook.com/nw/:0
[ 9866856ms] [ERROR] Failed to load resource: net::ERR_INTERNET_DISCONNECTED @ https://www.facebook.com/nw/:0
[ 9873263ms] [ERROR] Failed to load resource: net::ERR_INTERNET_DISCONNECTED @ https://www.facebook.com/nw/:0
[ 9879669ms] [ERROR] Failed to load resource: net::ERR_INTERNET_DISCONNECTED @ https://www.facebook.com/nw/:0
[ 9886075ms] [ERROR] Failed to load resource: net::ERR_INTERNET_DISCONNECTED @ https://www.facebook.com/nw/:0
[ 9892482ms] [ERROR] Failed to load resource: net::ERR_INTERNET_DISCONNECTED @ https://www.facebook.com/nw/:0
[ 9898889ms] [ERROR] Failed to load resource: net::ERR_INTERNET_DISCONNECTED @ https://www.facebook.com/nw/:0
[ 9905296ms] [ERROR] Failed to load resource: net::ERR_INTERNET_DISCONNECTED @ https://www.facebook.com/nw/:0
[ 9911702ms] [ERROR] Failed to load resource: net::ERR_INTERNET_DISCONNECTED @ https://www.facebook.com/nw/:0
[ 9918110ms] [ERROR] Failed to load resource: net::ERR_INTERNET_DISCONNECTED @ https://www.facebook.com/nw/:0
[ 9924515ms] [ERROR] Failed to load resource: net::ERR_INTERNET_DISCONNECTED @ https://www.facebook.com/nw/:0
[ 9930922ms] [ERROR] Failed to load resource: net::ERR_INTERNET_DISCONNECTED @ https://www.facebook.com/nw/:0
[ 9937329ms] [ERROR] Failed to load resource: net::ERR_INTERNET_DISCONNECTED @ https://www.facebook.com/nw/:0
[ 9943736ms] [ERROR] Failed to load resource: net::ERR_INTERNET_DISCONNECTED @ https://www.facebook.com/nw/:0
[ 9950159ms] [ERROR] Failed to load resource: net::ERR_INTERNET_DISCONNECTED @ https://www.facebook.com/nw/:0
[ 9956565ms] [ERROR] Failed to load resource: net::ERR_INTERNET_DISCONNECTED @ https://www.facebook.com/nw/:0
[ 9962972ms] [ERROR] Failed to load resource: net::ERR_INTERNET_DISCONNECTED @ https://www.facebook.com/nw/:0
[ 9969376ms] [ERROR] Failed to load resource: net::ERR_INTERNET_DISCONNECTED @ https://www.facebook.com/nw/:0
[ 9975786ms] [ERROR] Failed to load resource: net::ERR_INTERNET_DISCONNECTED @ https://www.facebook.com/nw/:0
[ 9982192ms] [ERROR] Failed to load resource: net::ERR_INTERNET_DISCONNECTED @ https://www.facebook.com/nw/:0
[ 9988600ms] [ERROR] Failed to load resource: net::ERR_INTERNET_DISCONNECTED @ https://www.facebook.com/nw/:0
[ 9995004ms] [ERROR] Failed to load resource: net::ERR_INTERNET_DISCONNECTED @ https://www.facebook.com/nw/:0
[10001413ms] [ERROR] Failed to load resource: net::ERR_INTERNET_DISCONNECTED @ https://www.facebook.com/nw/:0
[10007820ms] [ERROR] Failed to load resource: net::ERR_INTERNET_DISCONNECTED @ https://www.facebook.com/nw/:0
[10014228ms] [ERROR] Failed to load resource: net::ERR_INTERNET_DISCONNECTED @ https://www.facebook.com/nw/:0
[10020635ms] [ERROR] Failed to load resource: net::ERR_INTERNET_DISCONNECTED @ https://www.facebook.com/nw/:0
[10027043ms] [ERROR] Failed to load resource: net::ERR_INTERNET_DISCONNECTED @ https://www.facebook.com/nw/:0
[10033450ms] [ERROR] Failed to load resource: net::ERR_INTERNET_DISCONNECTED @ https://www.facebook.com/nw/:0
[10039856ms] [ERROR] Failed to load resource: net::ERR_INTERNET_DISCONNECTED @ https://www.facebook.com/nw/:0
[10046263ms] [ERROR] Failed to load resource: net::ERR_INTERNET_DISCONNECTED @ https://www.facebook.com/nw/:0
[10052669ms] [ERROR] Failed to load resource: net::ERR_INTERNET_DISCONNECTED @ https://www.facebook.com/nw/:0
[10059074ms] [ERROR] Failed to load resource: net::ERR_INTERNET_DISCONNECTED @ https://www.facebook.com/nw/:0
[10065485ms] [ERROR] Failed to load resource: net::ERR_INTERNET_DISCONNECTED @ https://www.facebook.com/nw/:0
[10071893ms] [ERROR] Failed to load resource: net::ERR_INTERNET_DISCONNECTED @ https://www.facebook.com/nw/:0
[10078305ms] [ERROR] Failed to load resource: net::ERR_INTERNET_DISCONNECTED @ https://www.facebook.com/nw/:0
[10084713ms] [ERROR] Failed to load resource: net::ERR_INTERNET_DISCONNECTED @ https://www.facebook.com/nw/:0
[10091125ms] [ERROR] Failed to load resource: net::ERR_INTERNET_DISCONNECTED @ https://www.facebook.com/nw/:0
[10097532ms] [ERROR] Failed to load resource: net::ERR_INTERNET_DISCONNECTED @ https://www.facebook.com/nw/:0
[10103938ms] [ERROR] Failed to load resource: net::ERR_INTERNET_DISCONNECTED @ https://www.facebook.com/nw/:0
[10110344ms] [ERROR] Failed to load resource: net::ERR_INTERNET_DISCONNECTED @ https://www.facebook.com/nw/:0
[10116750ms] [ERROR] Failed to load resource: net::ERR_INTERNET_DISCONNECTED @ https://www.facebook.com/nw/:0
[10123158ms] [ERROR] Failed to load resource: net::ERR_INTERNET_DISCONNECTED @ https://www.facebook.com/nw/:0
[10129565ms] [ERROR] Failed to load resource: net::ERR_INTERNET_DISCONNECTED @ https://www.facebook.com/nw/:0
[10135974ms] [ERROR] Failed to load resource: net::ERR_INTERNET_DISCONNECTED @ https://www.facebook.com/nw/:0
[10142380ms] [ERROR] Failed to load resource: net::ERR_INTERNET_DISCONNECTED @ https://www.facebook.com/nw/:0
[10148787ms] [ERROR] Failed to load resource: net::ERR_INTERNET_DISCONNECTED @ https://www.facebook.com/nw/:0
[10155194ms] [ERROR] Failed to load resource: net::ERR_INTERNET_DISCONNECTED @ https://www.facebook.com/nw/:0
[10161601ms] [ERROR] Failed to load resource: net::ERR_INTERNET_DISCONNECTED @ https://www.facebook.com/nw/:0
[10168008ms] [ERROR] Failed to load resource: net::ERR_INTERNET_DISCONNECTED @ https://www.facebook.com/nw/:0
[10174415ms] [ERROR] Failed to load resource: net::ERR_INTERNET_DISCONNECTED @ https://www.facebook.com/nw/:0
[10180824ms] [ERROR] Failed to load resource: net::ERR_INTERNET_DISCONNECTED @ https://www.facebook.com/nw/:0
[10187229ms] [ERROR] Failed to load resource: net::ERR_INTERNET_DISCONNECTED @ https://www.facebook.com/nw/:0
[10193641ms] [ERROR] Failed to load resource: net::ERR_INTERNET_DISCONNECTED @ https://www.facebook.com/nw/:0
[10200047ms] [ERROR] Failed to load resource: net::ERR_INTERNET_DISCONNECTED @ https://www.facebook.com/nw/:0
[10206453ms] [ERROR] Failed to load resource: net::ERR_INTERNET_DISCONNECTED @ https://www.facebook.com/nw/:0
[10212859ms] [ERROR] Failed to load resource: net::ERR_INTERNET_DISCONNECTED @ https://www.facebook.com/nw/:0
[10219267ms] [ERROR] Failed to load resource: net::ERR_INTERNET_DISCONNECTED @ https://www.facebook.com/nw/:0
[10225675ms] [ERROR] Failed to load resource: net::ERR_INTERNET_DISCONNECTED @ https://www.facebook.com/nw/:0
[10232081ms] [ERROR] Failed to load resource: net::ERR_INTERNET_DISCONNECTED @ https://www.facebook.com/nw/:0
[10238489ms] [ERROR] Failed to load resource: net::ERR_INTERNET_DISCONNECTED @ https://www.facebook.com/nw/:0
[10244896ms] [ERROR] Failed to load resource: net::ERR_INTERNET_DISCONNECTED @ https://www.facebook.com/nw/:0
[10251306ms] [ERROR] Failed to load resource: net::ERR_INTERNET_DISCONNECTED @ https://www.facebook.com/nw/:0
[10257713ms] [ERROR] Failed to load resource: net::ERR_INTERNET_DISCONNECTED @ https://www.facebook.com/nw/:0
[10264122ms] [ERROR] Failed to load resource: net::ERR_INTERNET_DISCONNECTED @ https://www.facebook.com/nw/:0
[10270530ms] [ERROR] Failed to load resource: net::ERR_INTERNET_DISCONNECTED @ https://www.facebook.com/nw/:0
[10276936ms] [ERROR] Failed to load resource: net::ERR_INTERNET_DISCONNECTED @ https://www.facebook.com/nw/:0
[10283343ms] [ERROR] Failed to load resource: net::ERR_INTERNET_DISCONNECTED @ https://www.facebook.com/nw/:0
[10289749ms] [ERROR] Failed to load resource: net::ERR_INTERNET_DISCONNECTED @ https://www.facebook.com/nw/:0
[10296155ms] [ERROR] Failed to load resource: net::ERR_INTERNET_DISCONNECTED @ https://www.facebook.com/nw/:0
[10302562ms] [ERROR] Failed to load resource: net::ERR_INTERNET_DISCONNECTED @ https://www.facebook.com/nw/:0
[10308969ms] [ERROR] Failed to load resource: net::ERR_INTERNET_DISCONNECTED @ https://www.facebook.com/nw/:0
[10315375ms] [ERROR] Failed to load resource: net::ERR_INTERNET_DISCONNECTED @ https://www.facebook.com/nw/:0
[10321781ms] [ERROR] Failed to load resource: net::ERR_INTERNET_DISCONNECTED @ https://www.facebook.com/nw/:0
[10328187ms] [ERROR] Failed to load resource: net::ERR_INTERNET_DISCONNECTED @ https://www.facebook.com/nw/:0
[10334593ms] [ERROR] Failed to load resource: net::ERR_INTERNET_DISCONNECTED @ https://www.facebook.com/nw/:0
[10340999ms] [ERROR] Failed to load resource: net::ERR_INTERNET_DISCONNECTED @ https://www.facebook.com/nw/:0
[10347416ms] [ERROR] Failed to load resource: net::ERR_INTERNET_DISCONNECTED @ https://www.facebook.com/nw/:0
[10353823ms] [ERROR] Failed to load resource: net::ERR_INTERNET_DISCONNECTED @ https://www.facebook.com/nw/:0
[10360230ms] [ERROR] Failed to load resource: net::ERR_INTERNET_DISCONNECTED @ https://www.facebook.com/nw/:0
[10366639ms] [ERROR] Failed to load resource: net::ERR_INTERNET_DISCONNECTED @ https://www.facebook.com/nw/:0
[10373045ms] [ERROR] Failed to load resource: net::ERR_INTERNET_DISCONNECTED @ https://www.facebook.com/nw/:0
[10379452ms] [ERROR] Failed to load resource: net::ERR_INTERNET_DISCONNECTED @ https://www.facebook.com/nw/:0
[10385856ms] [ERROR] Failed to load resource: net::ERR_INTERNET_DISCONNECTED @ https://www.facebook.com/nw/:0
[10392264ms] [ERROR] Failed to load resource: net::ERR_INTERNET_DISCONNECTED @ https://www.facebook.com/nw/:0
[10398671ms] [ERROR] Failed to load resource: net::ERR_INTERNET_DISCONNECTED @ https://www.facebook.com/nw/:0
[10405078ms] [ERROR] Failed to load resource: net::ERR_INTERNET_DISCONNECTED @ https://www.facebook.com/nw/:0
[10411486ms] [ERROR] Failed to load resource: net::ERR_INTERNET_DISCONNECTED @ https://www.facebook.com/nw/:0
[10417893ms] [ERROR] Failed to load resource: net::ERR_INTERNET_DISCONNECTED @ https://www.facebook.com/nw/:0
[10424300ms] [ERROR] Failed to load resource: net::ERR_INTERNET_DISCONNECTED @ https://www.facebook.com/nw/:0
[10430707ms] [ERROR] Failed to load resource: net::ERR_INTERNET_DISCONNECTED @ https://www.facebook.com/nw/:0
[10437114ms] [ERROR] Failed to load resource: net::ERR_INTERNET_DISCONNECTED @ https://www.facebook.com/nw/:0
[10443521ms] [ERROR] Failed to load resource: net::ERR_INTERNET_DISCONNECTED @ https://www.facebook.com/nw/:0
[10449931ms] [ERROR] Failed to load resource: net::ERR_INTERNET_DISCONNECTED @ https://www.facebook.com/nw/:0
[10456341ms] [ERROR] Failed to load resource: net::ERR_INTERNET_DISCONNECTED @ https://www.facebook.com/nw/:0
[10462748ms] [ERROR] Failed to load resource: net::ERR_INTERNET_DISCONNECTED @ https://www.facebook.com/nw/:0
[10469155ms] [ERROR] Failed to load resource: net::ERR_INTERNET_DISCONNECTED @ https://www.facebook.com/nw/:0
[10475562ms] [ERROR] Failed to load resource: net::ERR_INTERNET_DISCONNECTED @ https://www.facebook.com/nw/:0
[10481972ms] [ERROR] Failed to load resource: net::ERR_INTERNET_DISCONNECTED @ https://www.facebook.com/nw/:0
[10488381ms] [ERROR] Failed to load resource: net::ERR_INTERNET_DISCONNECTED @ https://www.facebook.com/nw/:0
[10494788ms] [ERROR] Failed to load resource: net::ERR_INTERNET_DISCONNECTED @ https://www.facebook.com/nw/:0
[10501194ms] [ERROR] Failed to load resource: net::ERR_INTERNET_DISCONNECTED @ https://www.facebook.com/nw/:0
[10507603ms] [ERROR] Failed to load resource: net::ERR_INTERNET_DISCONNECTED @ https://www.facebook.com/nw/:0
[10514013ms] [ERROR] Failed to load resource: net::ERR_INTERNET_DISCONNECTED @ https://www.facebook.com/nw/:0
[10520419ms] [ERROR] Failed to load resource: net::ERR_INTERNET_DISCONNECTED @ https://www.facebook.com/nw/:0
[10526826ms] [ERROR] Failed to load resource: net::ERR_INTERNET_DISCONNECTED @ https://www.facebook.com/nw/:0
[10533233ms] [ERROR] Failed to load resource: net::ERR_INTERNET_DISCONNECTED @ https://www.facebook.com/nw/:0
[10539642ms] [ERROR] Failed to load resource: net::ERR_INTERNET_DISCONNECTED @ https://www.facebook.com/nw/:0
[10546050ms] [ERROR] Failed to load resource: net::ERR_INTERNET_DISCONNECTED @ https://www.facebook.com/nw/:0
[10552457ms] [ERROR] Failed to load resource: net::ERR_INTERNET_DISCONNECTED @ https://www.facebook.com/nw/:0
[10558866ms] [ERROR] Failed to load resource: net::ERR_INTERNET_DISCONNECTED @ https://www.facebook.com/nw/:0
[10565272ms] [ERROR] Failed to load resource: net::ERR_INTERNET_DISCONNECTED @ https://www.facebook.com/nw/:0
[10571680ms] [ERROR] Failed to load resource: net::ERR_INTERNET_DISCONNECTED @ https://www.facebook.com/nw/:0
[10578087ms] [ERROR] Failed to load resource: net::ERR_INTERNET_DISCONNECTED @ https://www.facebook.com/nw/:0
[10584494ms] [ERROR] Failed to load resource: net::ERR_INTERNET_DISCONNECTED @ https://www.facebook.com/nw/:0
[10590905ms] [ERROR] Failed to load resource: net::ERR_INTERNET_DISCONNECTED @ https://www.facebook.com/nw/:0
[10597310ms] [ERROR] Failed to load resource: net::ERR_INTERNET_DISCONNECTED @ https://www.facebook.com/nw/:0
[10603720ms] [ERROR] Failed to load resource: net::ERR_INTERNET_DISCONNECTED @ https://www.facebook.com/nw/:0
[10610152ms] [ERROR] Failed to load resource: net::ERR_INTERNET_DISCONNECTED @ https://www.facebook.com/nw/:0
[10616559ms] [ERROR] Failed to load resource: net::ERR_INTERNET_DISCONNECTED @ https://www.facebook.com/nw/:0
[10622963ms] [ERROR] Failed to load resource: net::ERR_INTERNET_DISCONNECTED @ https://www.facebook.com/nw/:0
[10629403ms] [ERROR] Failed to load resource: net::ERR_INTERNET_DISCONNECTED @ https://www.facebook.com/nw/:0
[17441816ms] [ERROR] Failed to load resource: net::ERR_INTERNET_DISCONNECTED @ https://www.facebook.com/nw/:0
[17441985ms] [ERROR] Failed to load resource: net::ERR_INTERNET_DISCONNECTED @ https://www.facebook.com/nw/:0
[17442191ms] [ERROR] Failed to load resource: net::ERR_INTERNET_DISCONNECTED @ https://www.facebook.com/nw/:0
[17442997ms] [ERROR] Failed to load resource: net::ERR_INTERNET_DISCONNECTED @ https://www.facebook.com/nw/:0
[17449410ms] [ERROR] Failed to load resource: net::ERR_INTERNET_DISCONNECTED @ https://www.facebook.com/nw/:0
[17455816ms] [ERROR] Failed to load resource: net::ERR_INTERNET_DISCONNECTED @ https://www.facebook.com/nw/:0
[17462221ms] [ERROR] Failed to load resource: net::ERR_INTERNET_DISCONNECTED @ https://www.facebook.com/nw/:0
[17468627ms] [ERROR] Failed to load resource: net::ERR_INTERNET_DISCONNECTED @ https://www.facebook.com/nw/:0
[17475042ms] [ERROR] Failed to load resource: net::ERR_INTERNET_DISCONNECTED @ https://www.facebook.com/nw/:0
[17481449ms] [ERROR] Failed to load resource: net::ERR_INTERNET_DISCONNECTED @ https://www.facebook.com/nw/:0
[17487856ms] [ERROR] Failed to load resource: net::ERR_INTERNET_DISCONNECTED @ https://www.facebook.com/nw/:0
[17494260ms] [ERROR] Failed to load resource: net::ERR_INTERNET_DISCONNECTED @ https://www.facebook.com/nw/:0
[17500670ms] [ERROR] Failed to load resource: net::ERR_INTERNET_DISCONNECTED @ https://www.facebook.com/nw/:0
[17507074ms] [ERROR] Failed to load resource: net::ERR_INTERNET_DISCONNECTED @ https://www.facebook.com/nw/:0
[17513479ms] [ERROR] Failed to load resource: net::ERR_INTERNET_DISCONNECTED @ https://www.facebook.com/nw/:0
[17519885ms] [ERROR] Failed to load resource: net::ERR_INTERNET_DISCONNECTED @ https://www.facebook.com/nw/:0
[17526299ms] [ERROR] Failed to load resource: net::ERR_INTERNET_DISCONNECTED @ https://www.facebook.com/nw/:0
[17532704ms] [ERROR] Failed to load resource: net::ERR_INTERNET_DISCONNECTED @ https://www.facebook.com/nw/:0
[17539112ms] [ERROR] Failed to load resource: net::ERR_INTERNET_DISCONNECTED @ https://www.facebook.com/nw/:0
[17545522ms] [ERROR] Failed to load resource: net::ERR_INTERNET_DISCONNECTED @ https://www.facebook.com/nw/:0
[17551928ms] [ERROR] Failed to load resource: net::ERR_INTERNET_DISCONNECTED @ https://www.facebook.com/nw/:0
[17558333ms] [ERROR] Failed to load resource: net::ERR_INTERNET_DISCONNECTED @ https://www.facebook.com/nw/:0
[17564739ms] [ERROR] Failed to load resource: net::ERR_INTERNET_DISCONNECTED @ https://www.facebook.com/nw/:0
[17571143ms] [ERROR] Failed to load resource: net::ERR_INTERNET_DISCONNECTED @ https://www.facebook.com/nw/:0
[17577555ms] [ERROR] Failed to load resource: net::ERR_INTERNET_DISCONNECTED @ https://www.facebook.com/nw/:0
[17583962ms] [ERROR] Failed to load resource: net::ERR_INTERNET_DISCONNECTED @ https://www.facebook.com/nw/:0
[17590370ms] [ERROR] Failed to load resource: net::ERR_INTERNET_DISCONNECTED @ https://www.facebook.com/nw/:0
[17596776ms] [ERROR] Failed to load resource: net::ERR_INTERNET_DISCONNECTED @ https://www.facebook.com/nw/:0
[17603184ms] [ERROR] Failed to load resource: net::ERR_INTERNET_DISCONNECTED @ https://www.facebook.com/nw/:0
[17609589ms] [ERROR] Failed to load resource: net::ERR_INTERNET_DISCONNECTED @ https://www.facebook.com/nw/:0
[17615998ms] [ERROR] Failed to load resource: net::ERR_INTERNET_DISCONNECTED @ https://www.facebook.com/nw/:0
[17622404ms] [ERROR] Failed to load resource: net::ERR_INTERNET_DISCONNECTED @ https://www.facebook.com/nw/:0
[17628809ms] [ERROR] Failed to load resource: net::ERR_INTERNET_DISCONNECTED @ https://www.facebook.com/nw/:0
[17635217ms] [ERROR] Failed to load resource: net::ERR_INTERNET_DISCONNECTED @ https://www.facebook.com/nw/:0
[17641623ms] [ERROR] Failed to load resource: net::ERR_INTERNET_DISCONNECTED @ https://www.facebook.com/nw/:0
[17648029ms] [ERROR] Failed to load resource: net::ERR_INTERNET_DISCONNECTED @ https://www.facebook.com/nw/:0
[17654436ms] [ERROR] Failed to load resource: net::ERR_INTERNET_DISCONNECTED @ https://www.facebook.com/nw/:0
[17660841ms] [ERROR] Failed to load resource: net::ERR_INTERNET_DISCONNECTED @ https://www.facebook.com/nw/:0
[17667247ms] [ERROR] Failed to load resource: net::ERR_INTERNET_DISCONNECTED @ https://www.facebook.com/nw/:0
[17673658ms] [ERROR] Failed to load resource: net::ERR_INTERNET_DISCONNECTED @ https://www.facebook.com/nw/:0
[17680077ms] [ERROR] Failed to load resource: net::ERR_INTERNET_DISCONNECTED @ https://www.facebook.com/nw/:0
[17686483ms] [ERROR] Failed to load resource: net::ERR_INTERNET_DISCONNECTED @ https://www.facebook.com/nw/:0
[17692886ms] [ERROR] Failed to load resource: net::ERR_INTERNET_DISCONNECTED @ https://www.facebook.com/nw/:0
[17699300ms] [ERROR] Failed to load resource: net::ERR_INTERNET_DISCONNECTED @ https://www.facebook.com/nw/:0
[17705706ms] [ERROR] Failed to load resource: net::ERR_INTERNET_DISCONNECTED @ https://www.facebook.com/nw/:0
[17712121ms] [ERROR] Failed to load resource: net::ERR_INTERNET_DISCONNECTED @ https://www.facebook.com/nw/:0
[17718527ms] [ERROR] Failed to load resource: net::ERR_INTERNET_DISCONNECTED @ https://www.facebook.com/nw/:0
[17724932ms] [ERROR] Failed to load resource: net::ERR_INTERNET_DISCONNECTED @ https://www.facebook.com/nw/:0
[17731341ms] [ERROR] Failed to load resource: net::ERR_INTERNET_DISCONNECTED @ https://www.facebook.com/nw/:0
[17737746ms] [ERROR] Failed to load resource: net::ERR_INTERNET_DISCONNECTED @ https://www.facebook.com/nw/:0
[17744160ms] [ERROR] Failed to load resource: net::ERR_INTERNET_DISCONNECTED @ https://www.facebook.com/nw/:0
[17750584ms] [ERROR] Failed to load resource: net::ERR_INTERNET_DISCONNECTED @ https://www.facebook.com/nw/:0
[17756989ms] [ERROR] Failed to load resource: net::ERR_INTERNET_DISCONNECTED @ https://www.facebook.com/nw/:0
[17763397ms] [ERROR] Failed to load resource: net::ERR_INTERNET_DISCONNECTED @ https://www.facebook.com/nw/:0
[17769804ms] [ERROR] Failed to load resource: net::ERR_INTERNET_DISCONNECTED @ https://www.facebook.com/nw/:0
[17776212ms] [ERROR] Failed to load resource: net::ERR_INTERNET_DISCONNECTED @ https://www.facebook.com/nw/:0
[17782619ms] [ERROR] Failed to load resource: net::ERR_INTERNET_DISCONNECTED @ https://www.facebook.com/nw/:0
[17789024ms] [ERROR] Failed to load resource: net::ERR_INTERNET_DISCONNECTED @ https://www.facebook.com/nw/:0
[17795432ms] [ERROR] Failed to load resource: net::ERR_INTERNET_DISCONNECTED @ https://www.facebook.com/nw/:0
[17801841ms] [ERROR] Failed to load resource: net::ERR_INTERNET_DISCONNECTED @ https://www.facebook.com/nw/:0
[17808247ms] [ERROR] Failed to load resource: net::ERR_INTERNET_DISCONNECTED @ https://www.facebook.com/nw/:0
[17814664ms] [ERROR] Failed to load resource: net::ERR_INTERNET_DISCONNECTED @ https://www.facebook.com/nw/:0
[17821079ms] [ERROR] Failed to load resource: net::ERR_INTERNET_DISCONNECTED @ https://www.facebook.com/nw/:0
[17827487ms] [ERROR] Failed to load resource: net::ERR_INTERNET_DISCONNECTED @ https://www.facebook.com/nw/:0
[17833899ms] [ERROR] Failed to load resource: net::ERR_INTERNET_DISCONNECTED @ https://www.facebook.com/nw/:0
[17840303ms] [ERROR] Failed to load resource: net::ERR_INTERNET_DISCONNECTED @ https://www.facebook.com/nw/:0
[17846712ms] [ERROR] Failed to load resource: net::ERR_INTERNET_DISCONNECTED @ https://www.facebook.com/nw/:0
[17853120ms] [ERROR] Failed to load resource: net::ERR_INTERNET_DISCONNECTED @ https://www.facebook.com/nw/:0
[17859530ms] [ERROR] Failed to load resource: net::ERR_INTERNET_DISCONNECTED @ https://www.facebook.com/nw/:0
[17865937ms] [ERROR] Failed to load resource: net::ERR_INTERNET_DISCONNECTED @ https://www.facebook.com/nw/:0
[17872346ms] [ERROR] Failed to load resource: net::ERR_INTERNET_DISCONNECTED @ https://www.facebook.com/nw/:0
[17878754ms] [ERROR] Failed to load resource: net::ERR_INTERNET_DISCONNECTED @ https://www.facebook.com/nw/:0
[17885159ms] [ERROR] Failed to load resource: net::ERR_INTERNET_DISCONNECTED @ https://www.facebook.com/nw/:0
[17891569ms] [ERROR] Failed to load resource: net::ERR_INTERNET_DISCONNECTED @ https://www.facebook.com/nw/:0
[17897975ms] [ERROR] Failed to load resource: net::ERR_INTERNET_DISCONNECTED @ https://www.facebook.com/nw/:0
[17904383ms] [ERROR] Failed to load resource: net::ERR_INTERNET_DISCONNECTED @ https://www.facebook.com/nw/:0
[17910787ms] [ERROR] Failed to load resource: net::ERR_INTERNET_DISCONNECTED @ https://www.facebook.com/nw/:0
[17917205ms] [ERROR] Failed to load resource: net::ERR_INTERNET_DISCONNECTED @ https://www.facebook.com/nw/:0
[17923613ms] [ERROR] Failed to load resource: net::ERR_INTERNET_DISCONNECTED @ https://www.facebook.com/nw/:0
[17930026ms] [ERROR] Failed to load resource: net::ERR_INTERNET_DISCONNECTED @ https://www.facebook.com/nw/:0
[17936442ms] [ERROR] Failed to load resource: net::ERR_INTERNET_DISCONNECTED @ https://www.facebook.com/nw/:0
[17942846ms] [ERROR] Failed to load resource: net::ERR_INTERNET_DISCONNECTED @ https://www.facebook.com/nw/:0
[17949259ms] [ERROR] Failed to load resource: net::ERR_INTERNET_DISCONNECTED @ https://www.facebook.com/nw/:0
[17955666ms] [ERROR] Failed to load resource: net::ERR_INTERNET_DISCONNECTED @ https://www.facebook.com/nw/:0
[17962073ms] [ERROR] Failed to load resource: net::ERR_INTERNET_DISCONNECTED @ https://www.facebook.com/nw/:0
[17968486ms] [ERROR] Failed to load resource: net::ERR_INTERNET_DISCONNECTED @ https://www.facebook.com/nw/:0
[17974894ms] [ERROR] Failed to load resource: net::ERR_INTERNET_DISCONNECTED @ https://www.facebook.com/nw/:0
[17981307ms] [ERROR] Failed to load resource: net::ERR_INTERNET_DISCONNECTED @ https://www.facebook.com/nw/:0
[17987717ms] [ERROR] Failed to load resource: net::ERR_INTERNET_DISCONNECTED @ https://www.facebook.com/nw/:0
[17994124ms] [ERROR] Failed to load resource: net::ERR_INTERNET_DISCONNECTED @ https://www.facebook.com/nw/:0
[18000543ms] [ERROR] Failed to load resource: net::ERR_INTERNET_DISCONNECTED @ https://www.facebook.com/nw/:0
[18006949ms] [ERROR] Failed to load resource: net::ERR_INTERNET_DISCONNECTED @ https://www.facebook.com/nw/:0
[18013360ms] [ERROR] Failed to load resource: net::ERR_INTERNET_DISCONNECTED @ https://www.facebook.com/nw/:0
[18019768ms] [ERROR] Failed to load resource: net::ERR_INTERNET_DISCONNECTED @ https://www.facebook.com/nw/:0
[18026174ms] [ERROR] Failed to load resource: net::ERR_INTERNET_DISCONNECTED @ https://www.facebook.com/nw/:0
[18032577ms] [ERROR] Failed to load resource: net::ERR_INTERNET_DISCONNECTED @ https://www.facebook.com/nw/:0
